<?xml version="1.0" encoding="UTF-8"?>
<!-- Generated by org.testng.reporters.JUnitReportReporter -->
<testsuite hostname="LAPTOP-LP5B192O" failures="0" tests="2" name="controlup.automation.api.tests.VerifySpecificAirportsTest" time="1.047" errors="0" timestamp="2025-09-03T00:23:36 IDT" skipped="0">
  <testcase classname="controlup.automation.api.tests.VerifySpecificAirportsTest" name="verifyNonExistingAirportNotInList" time="0.526"/>
  <testcase classname="controlup.automation.api.tests.VerifySpecificAirportsTest" name="verifySpecificAirportsExist" time="0.521"/>
</testsuite> <!-- controlup.automation.api.tests.VerifySpecificAirportsTest -->
