<?xml version="1.0" encoding="UTF-8"?>
<!-- Generated by org.testng.reporters.JUnitReportReporter -->
<testsuite hostname="LAPTOP-LP5B192O" failures="0" tests="1" name="controlup.automation.ui.tests.VerifyCartBadgeTest" time="2.751" errors="0" timestamp="2025-09-03T00:23:35 IDT" skipped="0">
  <testcase classname="controlup.automation.ui.tests.VerifyCartBadgeTest" name="cartBadgeShouldShowOneAfterAddingFirstItem" time="2.751"/>
</testsuite> <!-- controlup.automation.ui.tests.VerifyCartBadgeTest -->
