<?xml version="1.0" encoding="UTF-8"?>
<!-- Generated by org.testng.reporters.JUnitReportReporter -->
<testsuite hostname="LAPTOP-LP5B192O" failures="0" tests="1" name="controlup.automation.api.tests.AirportGapTests" time="2.107" errors="0" timestamp="2025-09-02T21:57:16 IDT" skipped="0">
  <testcase classname="controlup.automation.api.tests.AirportGapTests" name="verifyAirportsCount" time="2.107"/>
</testsuite> <!-- controlup.automation.api.tests.AirportGapTests -->
