<?xml version="1.0" encoding="UTF-8"?>
<!-- Generated by org.testng.reporters.JUnitReportReporter -->
<testsuite hostname="LAPTOP-LP5B192O" failures="0" tests="3" name="controlup.automation.api.tests.VerifyAirportDistanceTest" time="1.489" errors="0" timestamp="2025-09-03T00:23:36 IDT" skipped="0">
  <testcase classname="controlup.automation.api.tests.VerifyAirportDistanceTest" name="verifyDistanceKixToNrt" time="0.511"/>
  <testcase classname="controlup.automation.api.tests.VerifyAirportDistanceTest" name="verifyDistanceInvalidCodeReturns422" time="0.509"/>
  <testcase classname="controlup.automation.api.tests.VerifyAirportDistanceTest" name="verifyDistanceMissingParamReturns422" time="0.469"/>
</testsuite> <!-- controlup.automation.api.tests.VerifyAirportDistanceTest -->
