<?xml version="1.0" encoding="UTF-8"?>
<!-- Generated by org.testng.reporters.JUnitReportReporter -->
<testsuite hostname="LAPTOP-LP5B192O" failures="0" tests="2" name="controlup.automation.api.tests.VerifyAirportCountTest" time="2.223" errors="0" timestamp="2025-09-03T00:23:36 IDT" skipped="0">
  <testcase classname="controlup.automation.api.tests.VerifyAirportCountTest" name="verifyAirportsInvalidEndpointReturns404" time="0.495"/>
  <testcase classname="controlup.automation.api.tests.VerifyAirportCountTest" name="verifyAirportsCount" time="1.728"/>
</testsuite> <!-- controlup.automation.api.tests.VerifyAirportCountTest -->
