<?xml version="1.0" encoding="UTF-8"?>
<!-- Generated by org.testng.reporters.JUnitReportReporter -->
<testsuite hostname="LAPTOP-LP5B192O" failures="0" tests="1" name="controlup.automation.tests.VerifyInventoryItemsTest" time="3.081" errors="0" timestamp="2025-09-02T21:19:23 IDT" skipped="0">
  <testcase classname="controlup.automation.tests.VerifyInventoryItemsTest" name="verifyInventoryHasSixItems" time="3.081"/>
</testsuite> <!-- controlup.automation.tests.VerifyInventoryItemsTest -->
